<?xml version="1.0" encoding="UTF-8"?>
<!-- Generated by org.testng.reporters.JUnitReportReporter -->
<testsuite hostname="MacBook-Air-de-juan-26591.local" failures="0" tests="3" name="YouTube" time="13.257" errors="0" timestamp="2022-10-28T18:10:43 ART" skipped="0">
  <testcase classname="YouTube" name="loadPage" time="8.947"/>
  <system-out/>
  <testcase classname="YouTube" name="searchVideo" time="4.305"/>
  <system-out/>
  <testcase classname="YouTube" name="finishTest" time="0.005"/>
  <system-out/>
</testsuite> <!-- YouTube -->
