<?xml version="1.0" encoding="UTF-8"?>
<!-- Generated by org.testng.reporters.JUnitReportReporter -->
<testsuite hostname="MacBook-Air-de-juan-26591.local" failures="0" tests="4" name="MercadoLibre" time="16.339" errors="0" timestamp="2022-10-31T15:32:18 ART" skipped="0">
  <testcase classname="MercadoLibre" name="loadPage" time="3.195"/>
  <system-out/>
  <testcase classname="MercadoLibre" name="login" time="0.004"/>
  <system-out/>
  <testcase classname="MercadoLibre" name="searchProduct" time="12.963"/>
  <system-out/>
  <testcase classname="MercadoLibre" name="finishTest" time="0.177"/>
  <system-out/>
</testsuite> <!-- MercadoLibre -->
