<?xml version="1.0" encoding="UTF-8"?>
<!-- Generated by org.testng.reporters.JUnitReportReporter -->
<testsuite hostname="MacBook-Air-de-juan-26591.local" failures="0" tests="4" name="Spotify" time="16.994" errors="0" timestamp="2022-10-31T14:25:46 ART" skipped="0">
  <testcase classname="Spotify" name="loadPage" time="5.108"/>
  <system-out/>
  <testcase classname="Spotify" name="login" time="4.193"/>
  <system-out/>
  <testcase classname="Spotify" name="searchSong" time="7.692"/>
  <system-out/>
  <testcase classname="Spotify" name="closeDriver" time="0.001"/>
  <system-out/>
</testsuite> <!-- Spotify -->
