<?xml version="1.0" encoding="UTF-8"?>
<!-- Generated by org.testng.reporters.JUnitReportReporter -->
<testsuite hostname="MacBook-Air-de-juan-26591.local" failures="0" tests="4" name="SantanderRio" time="5.395" errors="0" timestamp="2022-10-31T14:46:47 ART" skipped="0">
  <testcase classname="SantanderRio" name="loadPage" time="4.410"/>
  <system-out/>
  <testcase classname="SantanderRio" name="login" time="0.703"/>
  <system-out/>
  <testcase classname="SantanderRio" name="searchProduct" time="0.003"/>
  <system-out/>
  <testcase classname="SantanderRio" name="finishTest" time="0.279"/>
  <system-out/>
</testsuite> <!-- SantanderRio -->
