<?xml version="1.0" encoding="UTF-8"?>
<!-- Generated by org.testng.reporters.JUnitReportReporter -->
<testsuite hostname="MacBook-Air-de-juan-13985.local" failures="0" tests="4" name="SpotifyPageObject" time="21.772" errors="0" timestamp="2021-10-31T19:48:31 ART" skipped="0">
  <testcase classname="SpotifyPageObject" name="browserTest" time="3.318"/>
  <system-out/>
  <testcase classname="SpotifyPageObject" name="loggin" time="4.462"/>
  <system-out/>
  <testcase classname="SpotifyPageObject" name="searchSong" time="13.988"/>
  <system-out/>
  <testcase classname="SpotifyPageObject" name="closeDriver" time="0.004"/>
  <system-out/>
</testsuite> <!-- SpotifyPageObject -->
