<?xml version="1.0" encoding="UTF-8"?>
<!-- Generated by org.testng.reporters.JUnitReportReporter -->
<testsuite hostname="RAGENTILW10" failures="0" tests="4" name="docker.DockerLogin" time="12.276" errors="0" timestamp="13 nov 2022 14:21:56 GMT" skipped="1">
  <testcase classname="docker.DockerLogin" name="loadPage" time="4.317"/>
  <testcase classname="docker.DockerLogin" name="login" time="5.960"/>
  <testcase classname="docker.DockerLogin" name="findMySql" time="1.999"/>
  <testcase classname="docker.DockerLogin" name="finishTest">
    <skipped/>
  </testcase> <!-- finishTest -->
</testsuite> <!-- docker.DockerLogin -->
