<?xml version="1.0" encoding="UTF-8"?>
<!-- Generated by org.testng.reporters.JUnitReportReporter -->
<testsuite hostname="RAGENTILW10" failures="0" tests="4" name="docker.DockerLogin" time="16.355" errors="0" timestamp="16 nov 2022 21:37:13 GMT" skipped="1">
  <testcase classname="docker.DockerLogin" name="loadPage" time="6.084"/>
  <testcase classname="docker.DockerLogin" name="login" time="8.159"/>
  <testcase classname="docker.DockerLogin" name="findMySql" time="2.112"/>
  <testcase classname="docker.DockerLogin" name="finishTest">
    <skipped/>
  </testcase> <!-- finishTest -->
</testsuite> <!-- docker.DockerLogin -->
